[debug] [2025-11-29T12:10:56.122Z] ----------------------------------------------------------------------
[debug] [2025-11-29T12:10:56.125Z] Command:       C:\Program Files\nodejs\node.exe C:\Users\lenovo\AppData\Roaming\npm\node_modules\firebase-tools\lib\bin\firebase.js init
[debug] [2025-11-29T12:10:56.125Z] CLI Version:   14.26.0
[debug] [2025-11-29T12:10:56.125Z] Platform:      win32
[debug] [2025-11-29T12:10:56.126Z] Node Version:  v22.20.0
[debug] [2025-11-29T12:10:56.126Z] Time:          Sat Nov 29 2025 17:40:56 GMT+0530 (India Standard Time)
[debug] [2025-11-29T12:10:56.126Z] ----------------------------------------------------------------------
[debug] 
[debug] [2025-11-29T12:10:56.129Z] >>> [apiv2][query] GET https://firebase-public.firebaseio.com/cli.json [none]
[info] 
     ######## #### ########  ######## ########     ###     ######  ########
     ##        ##  ##     ## ##       ##     ##  ##   ##  ##       ##
     ######    ##  ########  ######   ########  #########  ######  ######
     ##        ##  ##    ##  ##       ##     ## ##     ##       ## ##
     ##       #### ##     ## ######## ########  ##     ##  ######  ########

You're about to initialize a Firebase project in this directory:

  C:\Users\lenovo\Desktop\ComagendWebsite\comagend_website

Before we get started, keep in mind:

  * You are initializing within an existing Firebase project directory

[debug] [2025-11-29T12:10:57.031Z] <<< [apiv2][status] GET https://firebase-public.firebaseio.com/cli.json 200
[debug] [2025-11-29T12:10:57.031Z] <<< [apiv2][body] GET https://firebase-public.firebaseio.com/cli.json {"cloudBuildErrorAfter":1594252800000,"cloudBuildWarnAfter":1590019200000,"defaultNode10After":1594252800000,"minVersion":"3.0.5","node8DeploysDisabledAfter":1613390400000,"node8RuntimeDisabledAfter":1615809600000,"node8WarnAfter":1600128000000}
